#
# A fatal error has been detected by the Java Runtime Environment:
#
#  SIGSEGV (0xb) at pc=0x00007f09c73a4194, pid=11929, tid=139679881844480
#
# JRE version: 6.0_23-b23
# Java VM: OpenJDK 64-Bit Server VM (20.0-b11 mixed mode linux-amd64 compressed oops)
# Derivative: IcedTea6 1.11pre
# Distribution: Ubuntu 11.10, package 6b23~pre11-0ubuntu1.11.10
# Problematic frame:
# V  [libjvm.so+0x5df194]  MarkSweep::follow_stack()+0x34
#
# If you would like to submit a bug report, please include
# instructions how to reproduce the bug and visit:
#   https://bugs.launchpad.net/ubuntu/+source/openjdk-6/
#

---------------  T H R E A D  ---------------

Current thread (0x00007f09bc055800):  VMThread [stack: 0x00007f09c1ad5000,0x00007f09c1bd6000] [id=11940]

siginfo:si_signo=SIGSEGV: si_errno=0, si_code=1 (SEGV_MAPERR), si_addr=0x0000000acc0ad2e0

Registers:
RAX=0x0000000acc0ad228, RBX=0x00007f09c796d840, RCX=0x0000000000000000, RDX=0x00007f09c79567f0
RSP=0x00007f09c1bd4730, RBP=0x00007f09c1bd4790, RSI=0x00000000fe73d880, RDI=0x00000000d691e238
R8 =0x0000000000000001, R9 =0x0000000000000010, R10=0x0000000000000f61, R11=0x0000000000000100
R12=0x00007f09c796d720, R13=0x0000000001976d00, R14=0x00007f09c796af2a, R15=0x00007f09c79714f0
RIP=0x00007f09c73a4194, EFLAGS=0x0000000000010206, CSGSFS=0x0000000000000033, ERR=0x0000000000000004
  TRAPNO=0x000000000000000e

Top of Stack: (sp=0x00007f09c1bd4730)
0x00007f09c1bd4730:   00007f09c1bd4770 00000000ccd962d8
0x00007f09c1bd4740:   00007f09c1bd4770 00007f09c796d590
0x00007f09c1bd4750:   00007f09c7988ca0 00007f09c796d590
0x00007f09c1bd4760:   00007f09c1bd4790 00007f09c796d590
0x00007f09c1bd4770:   0000000000000000 0000000001976d00
0x00007f09c1bd4780:   0000000000000000 00007f09c79714f0
0x00007f09c1bd4790:   00007f09c1bd4820 00007f09c7455a12
0x00007f09c1bd47a0:   00007f09c1010100 0000000000000000
0x00007f09c1bd47b0:   00007f09c1bd47d0 0000000000000c00
0x00007f09c1bd47c0:   0000000000000000 0000000001968950
0x00007f09c1bd47d0:   00007f09c79325f0 00007f09c7c41e00
0x00007f09c1bd47e0:   00007f09c796d590 00007f09c7465a01
0x00007f09c1bd47f0:   00000000019768b0 0100000001976c70
0x00007f09c1bd4800:   00007f09c1bd4820 00000000019768b0
0x00007f09c1bd4810:   0000000001976c70 0000000001976d00
0x00007f09c1bd4820:   00007f09c1bd4a50 00007f09c74563b1
0x00007f09c1bd4830:   0000000000000001 0000000000000001
0x00007f09c1bd4840:   00007f0900000001 00007f09bc002f20
0x00007f09c1bd4850:   0000000ac1bd4848 00007f09c7972598
0x00007f09c1bd4860:   0000000001978bb0 0000000001370000
0x00007f09c1bd4870:   00007f09c79567e0 00007f09c1bd48f0
0x00007f09c1bd4880:   00007f09bc053810 00007f09bc0538c0
0x00007f09c1bd4890:   0000000001e879e8 00007f09c79714f0
0x00007f09c1bd48a0:   00000000019769d0 0000000000bd8e3a
0x00007f09c1bd48b0:   0000000001370000 00000000072371d0
0x00007f09c1bd48c0:   000000000151bca0 00007f09c79567e0
0x00007f09c1bd48d0:   0000001200000000 00007f09bc053540
0x00007f09c1bd48e0:   0000000001978bb0 00000000019785d0
0x00007f09c1bd48f0:   00007f09c1bd4940 00007f09c796ad51
0x00007f09c1bd4900:   0000000000000000 000000000f7e1a4f
0x00007f09c1bd4910:   00007f09bc056401 00007f09bc053940
0x00007f09c1bd4920:   0000000000000000 00007f09bc0538c0 

Instructions: (pc=0x00007f09c73a4194)
0x00007f09c73a4174:   20 34 5a 00 4c 8b 25 01 3d 5a 00 48 8b 43 38 eb
0x00007f09c73a4184:   19 0f 1f 00 48 8b 46 08 48 8d 78 10 48 8b 40 10
0x00007f09c73a4194:   ff 90 b8 00 00 00 48 8b 43 38 48 85 c0 74 4d 4c
0x00007f09c73a41a4:   8b 35 16 f1 59 00 48 8b 53 20 48 83 fa 01 0f 84 

Register to memory mapping:

RAX=0x0000000acc0ad228 is an unknown value
RBX=0x00007f09c796d840: <offset 0xba8840> in /usr/lib/jvm/java-6-openjdk/jre/lib/amd64/server/libjvm.so at 0x00007f09c6dc5000
RCX=0x0000000000000000 is an unknown value
RDX=0x00007f09c79567f0: <offset 0xb917f0> in /usr/lib/jvm/java-6-openjdk/jre/lib/amd64/server/libjvm.so at 0x00007f09c6dc5000
RSP=0x00007f09c1bd4730 is an unknown value
RBP=0x00007f09c1bd4790 is an unknown value
RSI=0x00000000fe73d880 is an unknown value
RDI=0x00000000d691e238 is an oop
[Ljava.lang.Object; 
 - klass: 'java/lang/Object'[]
 - length: 10
R8 =0x0000000000000001 is an unknown value
R9 =0x0000000000000010 is an unknown value
R10=0x0000000000000f61 is an unknown value
R11=0x0000000000000100 is an unknown value
R12=0x00007f09c796d720: <offset 0xba8720> in /usr/lib/jvm/java-6-openjdk/jre/lib/amd64/server/libjvm.so at 0x00007f09c6dc5000
R13=0x0000000001976d00 is an unknown value
R14=0x00007f09c796af2a: <offset 0xba5f2a> in /usr/lib/jvm/java-6-openjdk/jre/lib/amd64/server/libjvm.so at 0x00007f09c6dc5000
R15=0x00007f09c79714f0: <offset 0xbac4f0> in /usr/lib/jvm/java-6-openjdk/jre/lib/amd64/server/libjvm.so at 0x00007f09c6dc5000


Stack: [0x00007f09c1ad5000,0x00007f09c1bd6000],  sp=0x00007f09c1bd4730,  free space=1021k
Native frames: (J=compiled Java code, j=interpreted, Vv=VM code, C=native code)
V  [libjvm.so+0x5df194]  MarkSweep::follow_stack()+0x34
V  [libjvm.so+0x690a12]  PSMarkSweep::mark_sweep_phase1(bool)+0xc2
V  [libjvm.so+0x6913b1]  PSMarkSweep::invoke_no_policy(bool)+0x3b1
V  [libjvm.so+0x69e7e5]  PSScavenge::invoke()+0x165
V  [libjvm.so+0x662efe]  ParallelScavengeHeap::failed_mem_allocate(unsigned long, bool)+0x8e
V  [libjvm.so+0x784dc6]  VM_ParallelGCFailedAllocation::doit()+0x96
V  [libjvm.so+0x7886fc]  VM_Operation::evaluate()+0x4c
V  [libjvm.so+0x78785a]  VMThread::evaluate_operation(VM_Operation*)+0x7a
V  [libjvm.so+0x787a79]  VMThread::loop()+0x149
V  [libjvm.so+0x787da2]  VMThread::run()+0x72
V  [libjvm.so+0x64bc22]  java_start(Thread*)+0x112

VM_Operation (0x00007f09c876d390): ParallelGCFailedAllocation, mode: safepoint, requested by thread 0x0000000001970800


---------------  P R O C E S S  ---------------

Java Threads: ( => current thread )
  0x0000000001e20800 JavaThread "pool-1-thread-4" [_thread_blocked, id=11957, stack(0x00007f09c0795000,0x00007f09c0896000)]
  0x00007f09bc19f000 JavaThread "pool-1-thread-5" [_thread_blocked, id=11956, stack(0x00007f09c0896000,0x00007f09c0997000)]
  0x00007f09bc19d000 JavaThread "pool-1-thread-3" [_thread_blocked, id=11955, stack(0x00007f09c0997000,0x00007f09c0a98000)]
  0x00007f09bc1a4000 JavaThread "pool-1-thread-2" [_thread_blocked, id=11954, stack(0x00007f09c0a98000,0x00007f09c0b99000)]
  0x00007f09bc1a3800 JavaThread "pool-1-thread-1" [_thread_blocked, id=11953, stack(0x00007f09c0b99000,0x00007f09c0c9a000)]
  0x00007f09bc084800 JavaThread "Low Memory Detector" daemon [_thread_blocked, id=11946, stack(0x00007f09c0deb000,0x00007f09c0eec000)]
  0x00007f09bc081800 JavaThread "C2 CompilerThread1" daemon [_thread_blocked, id=11945, stack(0x00007f09c0eec000,0x00007f09c0fed000)]
  0x00007f09bc07e800 JavaThread "C2 CompilerThread0" daemon [_thread_blocked, id=11944, stack(0x00007f09c0fed000,0x00007f09c10ee000)]
  0x00007f09bc070800 JavaThread "Signal Dispatcher" daemon [_thread_blocked, id=11943, stack(0x00007f09c10ee000,0x00007f09c11ef000)]
  0x00007f09bc05e800 JavaThread "Finalizer" daemon [_thread_blocked, id=11942, stack(0x00007f09c18d3000,0x00007f09c19d4000)]
  0x00007f09bc05c800 JavaThread "Reference Handler" daemon [_thread_blocked, id=11941, stack(0x00007f09c19d4000,0x00007f09c1ad5000)]
  0x0000000001970800 JavaThread "main" [_thread_blocked, id=11937, stack(0x00007f09c8670000,0x00007f09c8771000)]

Other Threads:
=>0x00007f09bc055800 VMThread [stack: 0x00007f09c1ad5000,0x00007f09c1bd6000] [id=11940]
  0x00007f09bc087000 WatcherThread [stack: 0x00007f09c0cea000,0x00007f09c0deb000] [id=11947]

VM state:at safepoint (normal execution)

VM Mutex/Monitor currently owned by a thread:  ([mutex/lock_event])
[0x000000000196d240] Threads_lock - owner thread: 0x00007f09bc055800
[0x000000000196d740] Heap_lock - owner thread: 0x0000000001970800

Heap
 PSYoungGen      total 185664K, used 19904K [0x00000000f2200000, 0x0000000100000000, 0x0000000100000000)
  eden space 151552K, 0% used [0x00000000f2200000,0x00000000f2200000,0x00000000fb600000)
  from space 34112K, 58% used [0x00000000fdeb0000,0x00000000ff220000,0x0000000100000000)
  to   space 37888K, 0% used [0x00000000fb600000,0x00000000fb600000,0x00000000fdb00000)
 PSOldGen        total 100736K, used 97052K [0x00000000d6600000, 0x00000000dc860000, 0x00000000f2200000)
  object space 100736K, 96% used [0x00000000d6600000,0x00000000dc4c71d0,0x00000000dc860000)
 PSPermGen       total 34176K, used 21615K [0x00000000cc000000, 0x00000000ce160000, 0x00000000d6600000)
  object space 34176K, 63% used [0x00000000cc000000,0x00000000cd51bca0,0x00000000ce160000)

Code Cache  [0x00007f09c2599000, 0x00007f09c29e9000, 0x00007f09c5599000)
 total_blobs=1159 nmethods=881 adapters=230 free_code_cache=46579456 largest_free_block=123136

Dynamic libraries:
00400000-00409000 r-xp 00000000 08:02 5906589                            /usr/lib/jvm/java-6-openjdk/jre/bin/java
00608000-00609000 r--p 00008000 08:02 5906589                            /usr/lib/jvm/java-6-openjdk/jre/bin/java
00609000-0060a000 rw-p 00009000 08:02 5906589                            /usr/lib/jvm/java-6-openjdk/jre/bin/java
01966000-0bdbc000 rw-p 00000000 00:00 0                                  [heap]
cc000000-ce160000 rw-p 00000000 00:00 0 
ce160000-d6600000 rw-p 00000000 00:00 0 
d6600000-dc860000 rw-p 00000000 00:00 0 
dc860000-f2200000 rw-p 00000000 00:00 0 
f2200000-100000000 rw-p 00000000 00:00 0 
7f098c000000-7f098c764000 rw-p 00000000 00:00 0 
7f098c764000-7f0990000000 ---p 00000000 00:00 0 
7f0994000000-7f099bff6000 rw-p 00000000 00:00 0 
7f099bff6000-7f099c000000 ---p 00000000 00:00 0 
7f099c000000-7f09a4000000 rw-p 00000000 00:00 0 
7f09a4000000-7f09a465f000 rw-p 00000000 00:00 0 
7f09a465f000-7f09a8000000 ---p 00000000 00:00 0 
7f09a8000000-7f09abffc000 rw-p 00000000 00:00 0 
7f09abffc000-7f09ac000000 ---p 00000000 00:00 0 
7f09ac000000-7f09b0000000 rw-p 00000000 00:00 0 
7f09b0000000-7f09b3fd3000 rw-p 00000000 00:00 0 
7f09b3fd3000-7f09b4000000 ---p 00000000 00:00 0 
7f09b4000000-7f09bc000000 rw-p 00000000 00:00 0 
7f09bc000000-7f09bfffa000 rw-p 00000000 00:00 0 
7f09bfffa000-7f09c0000000 ---p 00000000 00:00 0 
7f09c02c6000-7f09c02cb000 r--s 00016000 08:03 516                        /home/lucky/.m2/repository/xml-apis/xml-apis/1.0.b2/xml-apis-1.0.b2.jar
7f09c02cb000-7f09c02e3000 r--s 00115000 08:03 1676                       /home/lucky/.m2/repository/xerces/xercesImpl/2.9.1/xercesImpl-2.9.1.jar
7f09c02e3000-7f09c0308000 r--s 002e3000 08:03 572                        /home/lucky/.m2/repository/xalan/xalan/2.7.1/xalan-2.7.1.jar
7f09c0308000-7f09c030b000 r--s 00041000 08:03 610                        /home/lucky/.m2/repository/xalan/serializer/2.7.1/serializer-2.7.1.jar
7f09c030b000-7f09c030c000 r--s 00003000 08:03 8396115                    /home/lucky/.m2/repository/org/w3c/css/sac/1.3/sac-1.3.jar
7f09c030c000-7f09c0360000 r--s 003ed000 08:03 508                        /home/lucky/.m2/repository/org/springframework/webflow/spring-js-resources/2.2.1.RELEASE/spring-js-resources-2.2.1.RELEASE.jar
7f09c0360000-7f09c0362000 r--s 00003000 08:03 526                        /home/lucky/.m2/repository/org/springframework/roo/org.springframework.roo.annotations/1.1.5.RELEASE/org.springframework.roo.annotations-1.1.5.RELEASE.jar
7f09c0362000-7f09c036b000 r--s 0005e000 08:03 658                        /home/lucky/.m2/repository/org/springframework/spring-webmvc/3.0.5.RELEASE/spring-webmvc-3.0.5.RELEASE.jar
7f09c036b000-7f09c0375000 r--s 00057000 08:03 653                        /home/lucky/.m2/repository/org/springframework/spring-web/3.0.5.RELEASE/spring-web-3.0.5.RELEASE.jar
7f09c0375000-7f09c037c000 r--s 00032000 08:03 641                        /home/lucky/.m2/repository/org/springframework/spring-tx/3.0.5.RELEASE/spring-tx-3.0.5.RELEASE.jar
7f09c037c000-7f09c0384000 r--s 0004a000 08:03 649                        /home/lucky/.m2/repository/org/springframework/spring-orm/3.0.5.RELEASE/spring-orm-3.0.5.RELEASE.jar
7f09c0384000-7f09c038e000 r--s 00055000 08:03 646                        /home/lucky/.m2/repository/org/springframework/spring-jdbc/3.0.5.RELEASE/spring-jdbc-3.0.5.RELEASE.jar
7f09c038e000-7f09c0392000 r--s 00026000 08:03 631                        /home/lucky/.m2/repository/org/springframework/spring-expression/3.0.5.RELEASE/spring-expression-3.0.5.RELEASE.jar
7f09c0392000-7f09c039b000 r--s 00055000 08:03 479                        /home/lucky/.m2/repository/org/springframework/spring-core/3.0.5.RELEASE/spring-core-3.0.5.RELEASE.jar
7f09c039b000-7f09c039e000 r--s 00016000 08:03 638                        /home/lucky/.m2/repository/org/springframework/spring-context-support/3.0.5.RELEASE/spring-context-support-3.0.5.RELEASE.jar
7f09c039e000-7f09c03b0000 r--s 00092000 08:03 608                        /home/lucky/.m2/repository/org/springframework/spring-context/3.0.5.RELEASE/spring-context-3.0.5.RELEASE.jar
7f09c03b0000-7f09c03bc000 r--s 0007c000 08:03 621                        /home/lucky/.m2/repository/org/springframework/spring-beans/3.0.5.RELEASE/spring-beans-3.0.5.RELEASE.jar
7f09c03bc000-7f09c03bd000 r--s 0000c000 08:03 588                        /home/lucky/.m2/repository/org/springframework/spring-asm/3.0.5.RELEASE/spring-asm-3.0.5.RELEASE.jar
7f09c03bd000-7f09c03c6000 r--s 00046000 08:03 615                        /home/lucky/.m2/repository/org/springframework/spring-aop/3.0.5.RELEASE/spring-aop-3.0.5.RELEASE.jar
7f09c03c6000-7f09c03c7000 r--s 00002000 08:03 626                        /home/lucky/.m2/repository/org/slf4j/slf4j-log4j12/1.6.1/slf4j-log4j12-1.6.1.jar
7f09c03c7000-7f09c03c9000 r--s 00005000 08:03 550                        /home/lucky/.m2/repository/org/slf4j/slf4j-api/1.6.1/slf4j-api-1.6.1.jar
7f09c03c9000-7f09c03cb000 r--s 00003000 08:03 603                        /home/lucky/.m2/repository/org/slf4j/jcl-over-slf4j/1.6.1/jcl-over-slf4j-1.6.1.jar
7f09c03cb000-7f09c03cd000 r--s 0000a000 08:03 542                        /home/lucky/.m2/repository/org/json/json/20090211/json-20090211.jar
7f09c03cd000-7f09c03d2000 r--s 00014000 08:03 582                        /home/lucky/.m2/repository/org/hibernate/javax/persistence/hibernate-jpa-2.0-api/1.0.0.Final/hibernate-jpa-2.0-api-1.0.0.Final.jar
7f09c03d2000-7f09c03d9000 r--s 00040000 08:03 650                        /home/lucky/.m2/repository/org/hibernate/hibernate-validator/4.1.0.Final/hibernate-validator-4.1.0.Final.jar
7f09c03d9000-7f09c03e2000 r--s 0005d000 08:03 609                        /home/lucky/.m2/repository/org/hibernate/hibernate-entitymanager/3.5.6-Final/hibernate-entitymanager-3.5.6-Final.jar
7f09c03e2000-7f09c0409000 r--s 0024c000 08:03 553                        /home/lucky/.m2/repository/org/hibernate/hibernate-core/3.5.6-Final/hibernate-core-3.5.6-Final.jar
7f09c0409000-7f09c040c000 r--s 0000f000 08:03 635                        /home/lucky/.m2/repository/org/hibernate/hibernate-commons-annotations/3.2.0.Final/hibernate-commons-annotations-3.2.0.Final.jar
7f09c040c000-7f09c0412000 r--s 00054000 08:03 618                        /home/lucky/.m2/repository/org/hibernate/hibernate-annotations/3.5.6-Final/hibernate-annotations-3.5.6-Final.jar
7f09c0412000-7f09c041b000 r--s 00057000 08:03 532                        /home/lucky/.m2/repository/org/glassfish/web/jstl-impl/1.2/jstl-impl-1.2.jar
7f09c041b000-7f09c0431000 r--s 00187000 08:03 585                        /home/lucky/.m2/repository/org/aspectj/aspectjweaver/1.6.11/aspectjweaver-1.6.11.jar
7f09c0431000-7f09c0438000 r--s 0004e000 08:03 8396121                    /home/lucky/.m2/repository/org/apache/james/apache-mime4j/0.6/apache-mime4j-0.6.jar
7f09c0438000-7f09c043a000 r--s 00005000 08:03 8396127                    /home/lucky/.m2/repository/org/apache/httpcomponents/httpmime/4.0.1/httpmime-4.0.1.jar
7f09c043a000-7f09c043f000 r--s 00026000 08:03 8396122                    /home/lucky/.m2/repository/org/apache/httpcomponents/httpcore/4.0.1/httpcore-4.0.1.jar
7f09c043f000-7f09c0447000 r--s 00040000 08:03 8396116                    /home/lucky/.m2/repository/org/apache/httpcomponents/httpclient/4.0.1/httpclient-4.0.1.jar
7f09c0447000-7f09c044a000 r--s 0001c000 08:03 136557                     /home/lucky/.m2/repository/net/sourceforge/nekohtml/nekohtml/1.9.14/nekohtml-1.9.14.jar
7f09c044a000-7f09c0456000 r--s 000d3000 08:03 136558                     /home/lucky/.m2/repository/net/sourceforge/htmlunit/htmlunit-core-js/2.8/htmlunit-core-js-2.8.jar
7f09c0456000-7f09c0466000 r--s 000db000 08:03 136551                     /home/lucky/.m2/repository/net/sourceforge/htmlunit/htmlunit/2.8/htmlunit-2.8.jar
7f09c0466000-7f09c0469000 r--s 0003b000 08:03 136552                     /home/lucky/.m2/repository/net/sourceforge/cssparser/cssparser/0.9.5/cssparser-0.9.5.jar
7f09c0469000-7f09c046b000 r--s 00012000 08:03 511                        /home/lucky/.m2/repository/net/sf/flexjson/flexjson/2.1/flexjson-2.1.jar
7f09c046b000-7f09c0472000 r--s 000ba000 08:03 589                        /home/lucky/.m2/repository/mysql/mysql-connector-java/5.1.18/mysql-connector-java-5.1.18.jar
7f09c0472000-7f09c047b000 r--s 0006d000 08:03 596                        /home/lucky/.m2/repository/log4j/log4j/1.2.16/log4j-1.2.16.jar
7f09c047b000-7f09c048a000 r--s 00074000 08:03 496                        /home/lucky/.m2/repository/joda-time/joda-time/1.6/joda-time-1.6.jar
7f09c048a000-7f09c048c000 r--s 0000e000 08:03 602                        /home/lucky/.m2/repository/javax/validation/validation-api/1.0.0.GA/validation-api-1.0.0.GA-sources.jar
7f09c048c000-7f09c048f000 r--s 00009000 08:03 510                        /home/lucky/.m2/repository/javax/validation/validation-api/1.0.0.GA/validation-api-1.0.0.GA.jar
7f09c048f000-7f09c0490000 r--s 00003000 08:03 563                        /home/lucky/.m2/repository/javax/transaction/jta/1.1/jta-1.1.jar
7f09c0490000-7f09c0492000 r--s 00006000 08:03 557                        /home/lucky/.m2/repository/javax/servlet/jsp/jstl/jstl-api/1.2/jstl-api-1.2.jar
7f09c0492000-7f09c0495000 r--s 00016000 08:03 547                        /home/lucky/.m2/repository/javax/servlet/jsp/jsp-api/2.1/jsp-api-2.1.jar
7f09c0495000-7f09c0497000 r--s 00018000 08:03 509                        /home/lucky/.m2/repository/javax/servlet/servlet-api/2.5/servlet-api-2.5.jar
7f09c0497000-7f09c0498000 r--s 00000000 08:03 575                        /home/lucky/.m2/repository/javax/inject/javax.inject/1/javax.inject-1.jar
7f09c0498000-7f09c0499000 r--s 00005000 08:03 527                        /home/lucky/.m2/repository/javax/el/el-api/1.0/el-api-1.0.jar
7f09c0499000-7f09c04a1000 r--s 0008a000 08:03 484                        /home/lucky/.m2/repository/javassist/javassist/3.9.0.GA/javassist-3.9.0.GA.jar
7f09c04a1000-7f09c04a6000 r--s 00048000 08:03 485                        /home/lucky/.m2/repository/dom4j/dom4j/1.6.1/dom4j-1.6.1.jar
7f09c04a6000-7f09c04a9000 r--s 00015000 08:03 554                        /home/lucky/.m2/repository/commons-pool/commons-pool/1.5.4/commons-pool-1.5.4.jar
7f09c04a9000-7f09c04ab000 r--s 0000d000 08:03 1673                       /home/lucky/.m2/repository/commons-logging/commons-logging/1.1.1/commons-logging-1.1.1.jar
7f09c04ab000-7f09c04af000 r--s 0003c000 08:03 90                         /home/lucky/.m2/repository/commons-lang/commons-lang/2.4/commons-lang-2.4.jar
7f09c04af000-7f09c04b2000 r--s 00018000 08:03 265147                     /home/lucky/.m2/repository/commons-io/commons-io/1.4/commons-io-1.4.jar
7f09c04b2000-7f09c04b5000 r--s 0000c000 08:03 505                        /home/lucky/.m2/repository/commons-fileupload/commons-fileupload/1.2.1/commons-fileupload-1.2.1.jar
7f09c04b5000-7f09c04b9000 r--s 00021000 08:03 495                        /home/lucky/.m2/repository/commons-digester/commons-digester/2.0/commons-digester-2.0.jar
7f09c04b9000-7f09c04bc000 r--s 00022000 08:03 489                        /home/lucky/.m2/repository/commons-dbcp/commons-dbcp/1.3/commons-dbcp-1.3.jar
7f09c04bc000-7f09c04c9000 r--s 0007c000 08:03 523                        /home/lucky/.m2/repository/commons-collections/commons-collections/3.1/commons-collections-3.1.jar
7f09c04c9000-7f09c04cb000 r--s 0000d000 08:03 566                        /home/lucky/.m2/repository/commons-codec/commons-codec/1.4/commons-codec-1.4.jar
7f09c04cb000-7f09c04d0000 r--s 00034000 08:03 578                        /home/lucky/.m2/repository/commons-beanutils/commons-beanutils/1.8.0/commons-beanutils-1.8.0.jar
7f09c04d0000-7f09c04d2000 r--s 00008000 08:03 533                        /home/lucky/.m2/repository/com/google/inject/extensions/guice-assistedinject/3.0-rc2/guice-assistedinject-3.0-rc2.jar
7f09c04d2000-7f09c04e1000 r--s 0009d000 08:03 579                        /home/lucky/.m2/repository/com/google/inject/guice/3.0-rc2/guice-3.0-rc2.jar
7f09c04e1000-7f09c04e5000 r--s 0001d000 08:03 539                        /home/lucky/.m2/repository/com/google/gwt/inject/gin/1.5.0/gin-1.5.0.jar
7f09c04e5000-7f09c05b5000 r--s 00a99000 08:03 601                        /home/lucky/.m2/repository/com/google/gwt/gwt-user/2.3.0/gwt-user-2.3.0.jar
7f09c05b5000-7f09c0613000 r--s 00468000 08:03 492                        /home/lucky/.m2/repository/com/google/gwt/gwt-servlet/2.3.0/gwt-servlet-2.3.0.jar
7f09c0613000-7f09c0617000 r--s 00022000 08:03 8390806                    /home/lucky/sibers/osce/OsceManager/lib/gwt-log-3.1.3.jar
7f09c0617000-7f09c061b000 r--s 0001d000 08:03 8390811                    /home/lucky/sibers/osce/OsceManager/lib/gwt-dnd-3.1.1.jar
7f09c061b000-7f09c0689000 r--s 010c1000 08:03 486                        /home/lucky/.m2/repository/com/google/appengine/appengine-api-1.0-sdk/1.5.1/appengine-api-1.0-sdk-1.5.1.jar
7f09c0689000-7f09c068f000 r--s 00049000 08:03 569                        /home/lucky/.m2/repository/cglib/cglib-nodep/2.2/cglib-nodep-2.2.jar
7f09c068f000-7f09c0691000 r--s 00000000 08:03 560                        /home/lucky/.m2/repository/aopalliance/aopalliance/1.0/aopalliance-1.0.jar
7f09c0691000-7f09c0697000 r--s 00067000 08:03 538                        /home/lucky/.m2/repository/antlr/antlr/2.7.6/antlr-2.7.6.jar
7f09c0697000-7f09c06a4000 r--s 00107000 08:02 5906105                    /usr/lib/jvm/java-6-openjdk/jre/lib/rhino.jar
7f09c06a4000-7f09c06b2000 r--s 00351000 08:02 5901507                    /usr/lib/jvm/java-6-openjdk/jre/lib/charsets.jar
7f09c06b2000-7f09c06b4000 r--s 00013000 08:02 5901506                    /usr/lib/jvm/java-6-openjdk/jre/lib/jce.jar
7f09c06b4000-7f09c06bb000 r--s 000fb000 08:02 5906106                    /usr/lib/jvm/java-6-openjdk/jre/lib/resources.jar
7f09c06bb000-7f09c06be000 r--s 00077000 08:02 5906095                    /usr/lib/jvm/java-6-openjdk/jre/lib/ext/localedata.jar
7f09c06be000-7f09c06c0000 r--s 00001000 08:02 5906097                    /usr/lib/jvm/java-6-openjdk/jre/lib/ext/dnsns.jar
7f09c06c0000-7f09c06c4000 r--s 00038000 08:02 5906094                    /usr/lib/jvm/java-6-openjdk/jre/lib/ext/sunpkcs11.jar
7f09c06c4000-7f09c06c7000 r--s 00031000 08:02 5906096                    /usr/lib/jvm/java-6-openjdk/jre/lib/ext/sunjce_provider.jar
7f09c06c7000-7f09c06c9000 r--s 00007000 08:03 634                        /home/lucky/.m2/repository/org/springframework/spring-aspects/3.0.5.RELEASE/spring-aspects-3.0.5.RELEASE.jar
7f09c06c9000-7f09c0729000 r--s 00d92000 08:02 1707044                    /usr/lib/jvm/java-6-openjdk/lib/tools.jar
7f09c0729000-7f09c0730000 r--s 00039000 08:03 788                        /home/lucky/.m2/repository/doxia/doxia-core/1.0-alpha-4/doxia-core-1.0-alpha-4.jar
7f09c0730000-7f09c0795000 r--s 0081d000 08:03 785                        /home/lucky/.m2/repository/org/aspectj/aspectjtools/1.6.11/aspectjtools-1.6.11.jar
7f09c0795000-7f09c0798000 ---p 00000000 00:00 0 
7f09c0798000-7f09c0896000 rw-p 00000000 00:00 0 
7f09c0896000-7f09c0899000 ---p 00000000 00:00 0 
7f09c0899000-7f09c0997000 rw-p 00000000 00:00 0 
7f09c0997000-7f09c099a000 ---p 00000000 00:00 0 
7f09c099a000-7f09c0a98000 rw-p 00000000 00:00 0 
7f09c0a98000-7f09c0a9b000 ---p 00000000 00:00 0 
7f09c0a9b000-7f09c0b99000 rw-p 00000000 00:00 0 
7f09c0b99000-7f09c0b9c000 ---p 00000000 00:00 0 
7f09c0b9c000-7f09c0c9a000 rw-p 00000000 00:00 0 
7f09c0c9a000-7f09c0cdb000 r--s 0032f000 08:02 808943                     /usr/share/maven2/lib/maven-debian-uber.jar
7f09c0cdb000-7f09c0cde000 r--s 0007d000 08:02 5901505                    /usr/lib/jvm/java-6-openjdk/jre/lib/jsse.jar
7f09c0cde000-7f09c0ce0000 r--s 00008000 08:02 6066                       /usr/share/java/classworlds-1.1.jar
7f09c0ce0000-7f09c0ce8000 r--s 00066000 08:02 6047                       /usr/share/java/gnome-java-bridge.jar
7f09c0ce8000-7f09c0cea000 r--s 0000f000 08:02 5906099                    /usr/lib/jvm/java-6-openjdk/jre/lib/ext/pulse-java.jar
7f09c0cea000-7f09c0ceb000 ---p 00000000 00:00 0 
7f09c0ceb000-7f09c0deb000 rw-p 00000000 00:00 0 
7f09c0deb000-7f09c0dee000 ---p 00000000 00:00 0 
7f09c0dee000-7f09c0eec000 rw-p 00000000 00:00 0 
7f09c0eec000-7f09c0eef000 ---p 00000000 00:00 0 
7f09c0eef000-7f09c0fed000 rw-p 00000000 00:00 0 
7f09c0fed000-7f09c0ff0000 ---p 00000000 00:00 0 
7f09c0ff0000-7f09c10ee000 rw-p 00000000 00:00 0 
7f09c10ee000-7f09c10f1000 ---p 00000000 00:00 0 
7f09c10f1000-7f09c11ef000 rw-p 00000000 00:00 0 
7f09c11ef000-7f09c18d3000 r--p 00000000 08:02 5642685                    /usr/lib/locale/locale-archive
7f09c18d3000-7f09c18d6000 ---p 00000000 00:00 0 
7f09c18d6000-7f09c19d4000 rw-p 00000000 00:00 0 
7f09c19d4000-7f09c19d7000 ---p 00000000 00:00 0 
7f09c19d7000-7f09c1ad5000 rw-p 00000000 00:00 0 
7f09c1ad5000-7f09c1ad6000 ---p 00000000 00:00 0 
7f09c1ad6000-7f09c1f0c000 rw-p 00000000 00:00 0 
7f09c1f0c000-7f09c209d000 r--s 037b8000 08:02 5906638                    /usr/lib/jvm/java-6-openjdk/jre/lib/rt.jar
7f09c209d000-7f09c20c5000 rw-p 00000000 00:00 0 
7f09c20c5000-7f09c20c6000 ---p 00000000 00:00 0 
7f09c20c6000-7f09c21c6000 rw-p 00000000 00:00 0 
7f09c21c6000-7f09c21c7000 ---p 00000000 00:00 0 
7f09c21c7000-7f09c22d8000 rw-p 00000000 00:00 0 
7f09c22d8000-7f09c231a000 rw-p 00000000 00:00 0 
7f09c231a000-7f09c234c000 rw-p 00000000 00:00 0 
7f09c234c000-7f09c23f8000 rw-p 00000000 00:00 0 
7f09c23f8000-7f09c2409000 rw-p 00000000 00:00 0 
7f09c2409000-7f09c244b000 rw-p 00000000 00:00 0 
7f09c244b000-7f09c247d000 rw-p 00000000 00:00 0 
7f09c247d000-7f09c2529000 rw-p 00000000 00:00 0 
7f09c2529000-7f09c2598000 rw-p 00000000 00:00 0 
7f09c2598000-7f09c2599000 rw-p 00000000 00:00 0 
7f09c2599000-7f09c29e9000 rwxp 00000000 00:00 0 
7f09c29e9000-7f09c5599000 rw-p 00000000 00:00 0 
7f09c5599000-7f09c55a0000 r-xp 00000000 08:02 5906622                    /usr/lib/jvm/java-6-openjdk/jre/lib/amd64/libzip.so
7f09c55a0000-7f09c579f000 ---p 00007000 08:02 5906622                    /usr/lib/jvm/java-6-openjdk/jre/lib/amd64/libzip.so
7f09c579f000-7f09c57a0000 r--p 00006000 08:02 5906622                    /usr/lib/jvm/java-6-openjdk/jre/lib/amd64/libzip.so
7f09c57a0000-7f09c57a1000 rw-p 00007000 08:02 5906622                    /usr/lib/jvm/java-6-openjdk/jre/lib/amd64/libzip.so
7f09c57a1000-7f09c57ad000 r-xp 00000000 08:02 4853495                    /lib/x86_64-linux-gnu/libnss_files-2.13.so
7f09c57ad000-7f09c59ac000 ---p 0000c000 08:02 4853495                    /lib/x86_64-linux-gnu/libnss_files-2.13.so
7f09c59ac000-7f09c59ad000 r--p 0000b000 08:02 4853495                    /lib/x86_64-linux-gnu/libnss_files-2.13.so
7f09c59ad000-7f09c59ae000 rw-p 0000c000 08:02 4853495                    /lib/x86_64-linux-gnu/libnss_files-2.13.so
7f09c59ae000-7f09c59b8000 r-xp 00000000 08:02 4853499                    /lib/x86_64-linux-gnu/libnss_nis-2.13.so
7f09c59b8000-7f09c5bb8000 ---p 0000a000 08:02 4853499                    /lib/x86_64-linux-gnu/libnss_nis-2.13.so
7f09c5bb8000-7f09c5bb9000 r--p 0000a000 08:02 4853499                    /lib/x86_64-linux-gnu/libnss_nis-2.13.so
7f09c5bb9000-7f09c5bba000 rw-p 0000b000 08:02 4853499                    /lib/x86_64-linux-gnu/libnss_nis-2.13.so
7f09c5bba000-7f09c5bd1000 r-xp 00000000 08:02 4853489                    /lib/x86_64-linux-gnu/libnsl-2.13.so
7f09c5bd1000-7f09c5dd0000 ---p 00017000 08:02 4853489                    /lib/x86_64-linux-gnu/libnsl-2.13.so
7f09c5dd0000-7f09c5dd1000 r--p 00016000 08:02 4853489                    /lib/x86_64-linux-gnu/libnsl-2.13.so
7f09c5dd1000-7f09c5dd2000 rw-p 00017000 08:02 4853489                    /lib/x86_64-linux-gnu/libnsl-2.13.so
7f09c5dd2000-7f09c5dd4000 rw-p 00000000 00:00 0 
7f09c5dd4000-7f09c5ddc000 r-xp 00000000 08:02 4853491                    /lib/x86_64-linux-gnu/libnss_compat-2.13.so
7f09c5ddc000-7f09c5fdb000 ---p 00008000 08:02 4853491                    /lib/x86_64-linux-gnu/libnss_compat-2.13.so
7f09c5fdb000-7f09c5fdc000 r--p 00007000 08:02 4853491                    /lib/x86_64-linux-gnu/libnss_compat-2.13.so
7f09c5fdc000-7f09c5fdd000 rw-p 00008000 08:02 4853491                    /lib/x86_64-linux-gnu/libnss_compat-2.13.so
7f09c5fdd000-7f09c6009000 r-xp 00000000 08:02 5906621                    /usr/lib/jvm/java-6-openjdk/jre/lib/amd64/libjava.so
7f09c6009000-7f09c6208000 ---p 0002c000 08:02 5906621                    /usr/lib/jvm/java-6-openjdk/jre/lib/amd64/libjava.so
7f09c6208000-7f09c6209000 r--p 0002b000 08:02 5906621                    /usr/lib/jvm/java-6-openjdk/jre/lib/amd64/libjava.so
7f09c6209000-7f09c620c000 rw-p 0002c000 08:02 5906621                    /usr/lib/jvm/java-6-openjdk/jre/lib/amd64/libjava.so
7f09c620c000-7f09c621a000 r-xp 00000000 08:02 5906607                    /usr/lib/jvm/java-6-openjdk/jre/lib/amd64/libverify.so
7f09c621a000-7f09c6419000 ---p 0000e000 08:02 5906607                    /usr/lib/jvm/java-6-openjdk/jre/lib/amd64/libverify.so
7f09c6419000-7f09c641b000 r--p 0000d000 08:02 5906607                    /usr/lib/jvm/java-6-openjdk/jre/lib/amd64/libverify.so
7f09c641b000-7f09c641c000 rw-p 0000f000 08:02 5906607                    /usr/lib/jvm/java-6-openjdk/jre/lib/amd64/libverify.so
7f09c641c000-7f09c6423000 r-xp 00000000 08:02 4853518                    /lib/x86_64-linux-gnu/librt-2.13.so
7f09c6423000-7f09c6622000 ---p 00007000 08:02 4853518                    /lib/x86_64-linux-gnu/librt-2.13.so
7f09c6622000-7f09c6623000 r--p 00006000 08:02 4853518                    /lib/x86_64-linux-gnu/librt-2.13.so
7f09c6623000-7f09c6624000 rw-p 00007000 08:02 4853518                    /lib/x86_64-linux-gnu/librt-2.13.so
7f09c6624000-7f09c6639000 r-xp 00000000 08:02 4853475                    /lib/x86_64-linux-gnu/libgcc_s.so.1
7f09c6639000-7f09c6838000 ---p 00015000 08:02 4853475                    /lib/x86_64-linux-gnu/libgcc_s.so.1
7f09c6838000-7f09c6839000 r--p 00014000 08:02 4853475                    /lib/x86_64-linux-gnu/libgcc_s.so.1
7f09c6839000-7f09c683a000 rw-p 00015000 08:02 4853475                    /lib/x86_64-linux-gnu/libgcc_s.so.1
7f09c683a000-7f09c68bd000 r-xp 00000000 08:02 4853484                    /lib/x86_64-linux-gnu/libm-2.13.so
7f09c68bd000-7f09c6abc000 ---p 00083000 08:02 4853484                    /lib/x86_64-linux-gnu/libm-2.13.so
7f09c6abc000-7f09c6abd000 r--p 00082000 08:02 4853484                    /lib/x86_64-linux-gnu/libm-2.13.so
7f09c6abd000-7f09c6abe000 rw-p 00083000 08:02 4853484                    /lib/x86_64-linux-gnu/libm-2.13.so
7f09c6abe000-7f09c6ba6000 r-xp 00000000 08:02 5644099                    /usr/lib/x86_64-linux-gnu/libstdc++.so.6.0.16
7f09c6ba6000-7f09c6da6000 ---p 000e8000 08:02 5644099                    /usr/lib/x86_64-linux-gnu/libstdc++.so.6.0.16
7f09c6da6000-7f09c6dae000 r--p 000e8000 08:02 5644099                    /usr/lib/x86_64-linux-gnu/libstdc++.so.6.0.16
7f09c6dae000-7f09c6db0000 rw-p 000f0000 08:02 5644099                    /usr/lib/x86_64-linux-gnu/libstdc++.so.6.0.16
7f09c6db0000-7f09c6dc5000 rw-p 00000000 00:00 0 
7f09c6dc5000-7f09c76c8000 r-xp 00000000 08:02 5906625                    /usr/lib/jvm/java-6-openjdk/jre/lib/amd64/server/libjvm.so
7f09c76c8000-7f09c78c7000 ---p 00903000 08:02 5906625                    /usr/lib/jvm/java-6-openjdk/jre/lib/amd64/server/libjvm.so
7f09c78c7000-7f09c7948000 r--p 00902000 08:02 5906625                    /usr/lib/jvm/java-6-openjdk/jre/lib/amd64/server/libjvm.so
7f09c7948000-7f09c7963000 rw-p 00983000 08:02 5906625                    /usr/lib/jvm/java-6-openjdk/jre/lib/amd64/server/libjvm.so
7f09c7963000-7f09c798c000 rw-p 00000000 00:00 0 
7f09c798c000-7f09c79a3000 r-xp 00000000 08:02 4853537                    /lib/x86_64-linux-gnu/libz.so.1.2.3.4
7f09c79a3000-7f09c7ba2000 ---p 00017000 08:02 4853537                    /lib/x86_64-linux-gnu/libz.so.1.2.3.4
7f09c7ba2000-7f09c7ba3000 r--p 00016000 08:02 4853537                    /lib/x86_64-linux-gnu/libz.so.1.2.3.4
7f09c7ba3000-7f09c7ba4000 rw-p 00017000 08:02 4853537                    /lib/x86_64-linux-gnu/libz.so.1.2.3.4
7f09c7ba4000-7f09c7d39000 r-xp 00000000 08:02 4853454                    /lib/x86_64-linux-gnu/libc-2.13.so
7f09c7d39000-7f09c7f38000 ---p 00195000 08:02 4853454                    /lib/x86_64-linux-gnu/libc-2.13.so
7f09c7f38000-7f09c7f3c000 r--p 00194000 08:02 4853454                    /lib/x86_64-linux-gnu/libc-2.13.so
7f09c7f3c000-7f09c7f3d000 rw-p 00198000 08:02 4853454                    /lib/x86_64-linux-gnu/libc-2.13.so
7f09c7f3d000-7f09c7f43000 rw-p 00000000 00:00 0 
7f09c7f43000-7f09c7f45000 r-xp 00000000 08:02 4853465                    /lib/x86_64-linux-gnu/libdl-2.13.so
7f09c7f45000-7f09c8145000 ---p 00002000 08:02 4853465                    /lib/x86_64-linux-gnu/libdl-2.13.so
7f09c8145000-7f09c8146000 r--p 00002000 08:02 4853465                    /lib/x86_64-linux-gnu/libdl-2.13.so
7f09c8146000-7f09c8147000 rw-p 00003000 08:02 4853465                    /lib/x86_64-linux-gnu/libdl-2.13.so
7f09c8147000-7f09c814b000 r-xp 00000000 08:02 5906605                    /usr/lib/jvm/java-6-openjdk/jre/lib/amd64/jli/libjli.so
7f09c814b000-7f09c834a000 ---p 00004000 08:02 5906605                    /usr/lib/jvm/java-6-openjdk/jre/lib/amd64/jli/libjli.so
7f09c834a000-7f09c834b000 r--p 00003000 08:02 5906605                    /usr/lib/jvm/java-6-openjdk/jre/lib/amd64/jli/libjli.so
7f09c834b000-7f09c834c000 rw-p 00004000 08:02 5906605                    /usr/lib/jvm/java-6-openjdk/jre/lib/amd64/jli/libjli.so
7f09c834c000-7f09c8364000 r-xp 00000000 08:02 4853514                    /lib/x86_64-linux-gnu/libpthread-2.13.so
7f09c8364000-7f09c8563000 ---p 00018000 08:02 4853514                    /lib/x86_64-linux-gnu/libpthread-2.13.so
7f09c8563000-7f09c8564000 r--p 00017000 08:02 4853514                    /lib/x86_64-linux-gnu/libpthread-2.13.so
7f09c8564000-7f09c8565000 rw-p 00018000 08:02 4853514                    /lib/x86_64-linux-gnu/libpthread-2.13.so
7f09c8565000-7f09c8569000 rw-p 00000000 00:00 0 
7f09c8569000-7f09c858a000 r-xp 00000000 08:02 4853441                    /lib/x86_64-linux-gnu/ld-2.13.so
7f09c858a000-7f09c858c000 r--s 00008000 08:02 6066                       /usr/share/java/classworlds-1.1.jar
7f09c858c000-7f09c858e000 r--s 0000e000 08:03 790                        /home/lucky/.m2/repository/oro/oro/2.0.7/oro-2.0.7.jar
7f09c858e000-7f09c8590000 r--s 00013000 08:03 789                        /home/lucky/.m2/repository/commons-validator/commons-validator/1.1.4/commons-validator-1.1.4.jar
7f09c8590000-7f09c8591000 r--s 00003000 08:03 781                        /home/lucky/.m2/repository/org/apache/maven/reporting/maven-reporting-impl/2.0/maven-reporting-impl-2.0.jar
7f09c8591000-7f09c8596000 r--s 00039000 08:03 784                        /home/lucky/.m2/repository/org/codehaus/plexus/plexus-utils/1.5.6/plexus-utils-1.5.6.jar
7f09c8596000-7f09c859a000 r--s 00019000 08:03 478                        /home/lucky/.m2/repository/org/aspectj/aspectjrt/1.6.11/aspectjrt-1.6.11.jar
7f09c859a000-7f09c859d000 r--s 00027000 08:03 8395899                    /home/lucky/.m2/repository/org/codehaus/mojo/gwt-maven-plugin/2.2.0/gwt-maven-plugin-2.2.0.jar
7f09c859d000-7f09c859f000 r--s 0000c000 08:03 8395891                    /home/lucky/.m2/repository/org/mortbay/jetty/jetty-maven-plugin/7.4.2.v20110526/jetty-maven-plugin-7.4.2.v20110526.jar
7f09c859f000-7f09c85a1000 r--s 0000d000 08:03 8395864                    /home/lucky/.m2/repository/org/codehaus/mojo/tomcat-maven-plugin/1.1/tomcat-maven-plugin-1.1.jar
7f09c85a1000-7f09c85a3000 r--s 0000b000 08:03 8395847                    /home/lucky/.m2/repository/org/apache/maven/plugins/maven-idea-plugin/2.2/maven-idea-plugin-2.2.jar
7f09c85a3000-7f09c85a6000 r--s 00030000 08:03 8395827                    /home/lucky/.m2/repository/org/apache/maven/plugins/maven-eclipse-plugin/2.7/maven-eclipse-plugin-2.7.jar
7f09c85a6000-7f09c85a7000 r--s 00005000 08:03 8395819                    /home/lucky/.m2/repository/org/apache/maven/plugins/maven-deploy-plugin/2.6/maven-deploy-plugin-2.6.jar
7f09c85a7000-7f09c85ab000 r--s 00032000 08:03 8395811                    /home/lucky/.m2/repository/org/apache/maven/plugins/maven-assembly-plugin/2.2.1/maven-assembly-plugin-2.2.1.jar
7f09c85ab000-7f09c85ad000 r--s 00008000 08:03 8395803                    /home/lucky/.m2/repository/org/codehaus/mojo/aspectj-maven-plugin/1.2/aspectj-maven-plugin-1.2.jar
7f09c85ad000-7f09c85ae000 r--s 00005000 08:03 8395788                    /home/lucky/.m2/repository/org/apache/maven/plugins/maven-install-plugin/2.3/maven-install-plugin-2.3.jar
7f09c85ae000-7f09c85b0000 r--s 00011000 08:03 8395768                    /home/lucky/.m2/repository/org/apache/maven/plugins/maven-war-plugin/2.1.1/maven-war-plugin-2.1.1.jar
7f09c85b0000-7f09c85c2000 rw-p 00000000 00:00 0 
7f09c85c2000-7f09c8670000 rw-p 00000000 00:00 0 
7f09c8670000-7f09c8673000 ---p 00000000 00:00 0 
7f09c8673000-7f09c8776000 rw-p 00000000 00:00 0 
7f09c8776000-7f09c8778000 r--s 00006000 08:03 8395760                    /home/lucky/.m2/repository/org/apache/maven/plugins/maven-surefire-plugin/2.8/maven-surefire-plugin-2.8.jar
7f09c8778000-7f09c877a000 r--s 00006000 08:03 8395746                    /home/lucky/.m2/repository/org/apache/maven/plugins/maven-compiler-plugin/2.3.2/maven-compiler-plugin-2.3.2.jar
7f09c877a000-7f09c877c000 r--s 00005000 08:03 8395726                    /home/lucky/.m2/repository/org/apache/maven/plugins/maven-resources-plugin/2.5/maven-resources-plugin-2.5.jar
7f09c877c000-7f09c877d000 r--p 00000000 00:00 0 
7f09c877d000-7f09c8785000 rw-s 00000000 08:02 5111834                    /tmp/hsperfdata_lucky/11929
7f09c8785000-7f09c8786000 rw-p 00000000 00:00 0 
7f09c8786000-7f09c8787000 ---p 00000000 00:00 0 
7f09c8787000-7f09c8789000 rw-p 00000000 00:00 0 
7f09c8789000-7f09c878a000 r--p 00020000 08:02 4853441                    /lib/x86_64-linux-gnu/ld-2.13.so
7f09c878a000-7f09c878c000 rw-p 00021000 08:02 4853441                    /lib/x86_64-linux-gnu/ld-2.13.so
7fff0d8fd000-7fff0d91e000 rw-p 00000000 00:00 0                          [stack]
7fff0d950000-7fff0d951000 r-xp 00000000 00:00 0                          [vdso]
ffffffffff600000-ffffffffff601000 r-xp 00000000 00:00 0                  [vsyscall]

VM Arguments:
jvm_args: -Dclassworlds.conf=/usr/share/maven2/bin/m2.conf -Dmaven.home=/usr/share/maven2 
java_command: org.codehaus.classworlds.Launcher "install" "-Dmaven.test.skip=true"
Launcher Type: SUN_STANDARD

Environment Variables:
PATH=/usr/lib/lightdm/lightdm:/usr/local/sbin:/usr/local/bin:/usr/sbin:/usr/bin:/sbin:/bin:/usr/games
USERNAME=lucky
LD_LIBRARY_PATH=/usr/lib/jvm/java-6-openjdk/jre/lib/amd64/server:/usr/lib/jvm/java-6-openjdk/jre/lib/amd64:/usr/lib/jvm/java-6-openjdk/jre/../lib/amd64
SHELL=/bin/bash
DISPLAY=:0

Signal Handlers:
SIGSEGV: [libjvm.so+0x783e60], sa_mask[0]=0x7ffbfeff, sa_flags=0x10000004
SIGBUS: [libjvm.so+0x783e60], sa_mask[0]=0x7ffbfeff, sa_flags=0x10000004
SIGFPE: [libjvm.so+0x6485c0], sa_mask[0]=0x7ffbfeff, sa_flags=0x10000004
SIGPIPE: [libjvm.so+0x6485c0], sa_mask[0]=0x7ffbfeff, sa_flags=0x10000004
SIGXFSZ: [libjvm.so+0x6485c0], sa_mask[0]=0x7ffbfeff, sa_flags=0x10000004
SIGILL: [libjvm.so+0x6485c0], sa_mask[0]=0x7ffbfeff, sa_flags=0x10000004
SIGUSR1: SIG_DFL, sa_mask[0]=0x00000000, sa_flags=0x00000000
SIGUSR2: [libjvm.so+0x648770], sa_mask[0]=0x00000000, sa_flags=0x10000004
SIGHUP: [libjvm.so+0x64b280], sa_mask[0]=0x7ffbfeff, sa_flags=0x10000004
SIGINT: [libjvm.so+0x64b280], sa_mask[0]=0x7ffbfeff, sa_flags=0x10000004
SIGTERM: [libjvm.so+0x64b280], sa_mask[0]=0x7ffbfeff, sa_flags=0x10000004
SIGQUIT: [libjvm.so+0x64b280], sa_mask[0]=0x7ffbfeff, sa_flags=0x10000004


---------------  S Y S T E M  ---------------

OS:Ubuntu 11.10 (oneiric)
uname:Linux 3.0.0-15-generic #24-Ubuntu SMP Mon Dec 12 15:23:55 UTC 2011 x86_64
libc:glibc 2.13 NPTL 2.13 
rlimit: STACK 8192k, CORE 0k, NPROC 15845, NOFILE 4096, AS infinity
load average:13.94 8.49 4.70

/proc/meminfo:
MemTotal:        2046068 kB
MemFree:           60536 kB
Buffers:             448 kB
Cached:           202572 kB
SwapCached:       223384 kB
Active:          1343424 kB
Inactive:         462268 kB
Active(anon):    1321884 kB
Inactive(anon):   442984 kB
Active(file):      21540 kB
Inactive(file):    19284 kB
Unevictable:           0 kB
Mlocked:               0 kB
SwapTotal:       9821180 kB
SwapFree:        8048468 kB
Dirty:                56 kB
Writeback:         29596 kB
AnonPages:       1519652 kB
Mapped:            38104 kB
Shmem:            162168 kB
Slab:              60568 kB
SReclaimable:      27008 kB
SUnreclaim:        33560 kB
KernelStack:        4016 kB
PageTables:        39132 kB
NFS_Unstable:          0 kB
Bounce:                0 kB
WritebackTmp:          0 kB
CommitLimit:    10844212 kB
Committed_AS:    5110532 kB
VmallocTotal:   34359738367 kB
VmallocUsed:      570160 kB
VmallocChunk:   34359137196 kB
HardwareCorrupted:     0 kB
AnonHugePages:         0 kB
HugePages_Total:       0
HugePages_Free:        0
HugePages_Rsvd:        0
HugePages_Surp:        0
Hugepagesize:       2048 kB
DirectMap4k:       51072 kB
DirectMap2M:     2035712 kB


CPU:total 2 (2 cores per cpu, 1 threads per core) family 6 model 23 stepping 10, cmov, cx8, fxsr, mmx, sse, sse2, sse3, ssse3

Memory: 4k page, physical 2046068k(60536k free), swap 9821180k(8048468k free)

vm_info: OpenJDK 64-Bit Server VM (20.0-b11) for linux-amd64 JRE (1.6.0_23-b23), built on Oct 22 2011 01:00:57 by "buildd" with gcc 4.6.1

time: Thu Dec 29 03:34:33 2011
elapsed time: 354 seconds

